Build started 27/8/2021 10:44:57.
     1>Project "B:\ESTRUCTURA\Ejemplos\Clase computadora\Clase computadora\Clase computadora.vcxproj" on node 2 (build target(s)).
     1>InitializeBuildStatus:
         Creating "Debug\Clase computadora.unsuccessfulbuild" because "AlwaysCreate" was specified.
       ClCompile:
         All outputs are up-to-date.
         C:\Program Files (x86)\Microsoft Visual Studio 10.0\VC\bin\CL.exe /c /ZI /nologo /W3 /WX- /Od /Oy- /D WIN32 /D _DEBUG /D _CONSOLE /D _UNICODE /D UNICODE /Gm /EHsc /RTC1 /MDd /GS /fp:precise /Zc:wchar_t /Zc:forScope /Yu"StdAfx.h" /Fp"Debug\Clase computadora.pch" /Fo"Debug\\" /Fd"Debug\vc100.pdb" /Gd /TP /analyze- /errorReport:prompt "Clase computadora.cpp" Computadora.cpp
         Computadora.cpp
         Clase computadora.cpp
     1>b:\estructura\ejemplos\clase computadora\clase computadora\clase computadora.cpp(40): warning C4996: 'getch': The POSIX name for this item is deprecated. Instead, use the ISO C++ conformant name: _getch. See online help for details.
                 c:\program files (x86)\microsoft visual studio 10.0\vc\include\conio.h(128) : see declaration of 'getch'
         Generating Code...
       ManifestResourceCompile:
         All outputs are up-to-date.
       Link:
         C:\Program Files (x86)\Microsoft Visual Studio 10.0\VC\bin\link.exe /ERRORREPORT:PROMPT /OUT:"B:\ESTRUCTURA\Ejemplos\Clase computadora\Debug\Clase computadora.exe" /INCREMENTAL /NOLOGO kernel32.lib user32.lib gdi32.lib winspool.lib comdlg32.lib advapi32.lib shell32.lib ole32.lib oleaut32.lib uuid.lib odbc32.lib odbccp32.lib /MANIFEST /ManifestFile:"Debug\Clase computadora.exe.intermediate.manifest" /MANIFESTUAC:"level='asInvoker' uiAccess='false'" /DEBUG /PDB:"B:\ESTRUCTURA\Ejemplos\Clase computadora\Debug\Clase computadora.pdb" /SUBSYSTEM:CONSOLE /TLBID:1 /DYNAMICBASE /NXCOMPAT /IMPLIB:"B:\ESTRUCTURA\Ejemplos\Clase computadora\Debug\Clase computadora.lib" /MACHINE:X86 "Debug\Clase computadora.exe.embed.manifest.res"
         "Debug\Clase computadora.obj"
         Debug\Computadora.obj
         Debug\stdafx.obj
       Manifest:
         C:\Program Files (x86)\Microsoft SDKs\Windows\v7.0A\bin\mt.exe /nologo /verbose /out:"Debug\Clase computadora.exe.embed.manifest" /manifest "Debug\Clase computadora.exe.intermediate.manifest"
         All outputs are up-to-date.
       LinkEmbedManifest:
         All outputs are up-to-date.
         Clase computadora.vcxproj -> B:\ESTRUCTURA\Ejemplos\Clase computadora\Debug\Clase computadora.exe
       FinalizeBuildStatus:
         Deleting file "Debug\Clase computadora.unsuccessfulbuild".
         Touching "Debug\Clase computadora.lastbuildstate".
     1>Done Building Project "B:\ESTRUCTURA\Ejemplos\Clase computadora\Clase computadora\Clase computadora.vcxproj" (build target(s)).

Build succeeded.

Time Elapsed 00:00:01.58
